This is pdfTeX, Version 3.14159265-2.6-1.40.19 (TeX Live 2019/dev/Debian) (preloaded format=pdflatex 2019.9.30)  1 OCT 2019 11:47
entering extended mode
 restricted \write18 enabled.
 %&-line parsing enabled.
**sybil_autonomous.tex
(./sybil_autonomous.tex
LaTeX2e <2018-12-01>
(/usr/share/texlive/texmf-dist/tex/latex/IEEEtran/IEEEtran.cls
Document Class: IEEEtran 2015/08/26 V1.8b by Michael Shell
-- See the "IEEEtran_HOWTO" manual for usage information.
-- http://www.michaelshell.org/tex/ieeetran/
\@IEEEtrantmpdimenA=\dimen102
\@IEEEtrantmpdimenB=\dimen103
\@IEEEtrantmpdimenC=\dimen104
\@IEEEtrantmpcountA=\count80
\@IEEEtrantmpcountB=\count81
\@IEEEtrantmpcountC=\count82
\@IEEEtrantmptoksA=\toks14
LaTeX Font Info:    Try loading font information for OT1+ptm on input line 503.

(/usr/share/texlive/texmf-dist/tex/latex/psnfss/ot1ptm.fd
File: ot1ptm.fd 2001/06/04 font definitions for OT1/ptm.
)
-- Using 8.5in x 11in (letter) paper.
-- Using PDF output.
\@IEEEnormalsizeunitybaselineskip=\dimen105
-- This is an 11 point document.
\CLASSINFOnormalsizebaselineskip=\dimen106
\CLASSINFOnormalsizeunitybaselineskip=\dimen107
\IEEEnormaljot=\dimen108
LaTeX Font Info:    Font shape `OT1/ptm/bx/n' in size <6> not available
(Font)              Font shape `OT1/ptm/b/n' tried instead on input line 1090.
LaTeX Font Info:    Font shape `OT1/ptm/bx/it' in size <6> not available
(Font)              Font shape `OT1/ptm/b/it' tried instead on input line 1090.

LaTeX Font Info:    Font shape `OT1/ptm/bx/n' in size <8> not available
(Font)              Font shape `OT1/ptm/b/n' tried instead on input line 1090.
LaTeX Font Info:    Font shape `OT1/ptm/bx/it' in size <8> not available
(Font)              Font shape `OT1/ptm/b/it' tried instead on input line 1090.

LaTeX Font Info:    Font shape `OT1/ptm/bx/n' in size <9> not available
(Font)              Font shape `OT1/ptm/b/n' tried instead on input line 1090.
LaTeX Font Info:    Font shape `OT1/ptm/bx/it' in size <9> not available
(Font)              Font shape `OT1/ptm/b/it' tried instead on input line 1090.

LaTeX Font Info:    Font shape `OT1/ptm/bx/n' in size <10> not available
(Font)              Font shape `OT1/ptm/b/n' tried instead on input line 1090.
LaTeX Font Info:    Font shape `OT1/ptm/bx/it' in size <10> not available
(Font)              Font shape `OT1/ptm/b/it' tried instead on input line 1090.

LaTeX Font Info:    Font shape `OT1/ptm/bx/n' in size <11> not available
(Font)              Font shape `OT1/ptm/b/n' tried instead on input line 1090.
LaTeX Font Info:    Font shape `OT1/ptm/bx/it' in size <11> not available
(Font)              Font shape `OT1/ptm/b/it' tried instead on input line 1090.

LaTeX Font Info:    Font shape `OT1/ptm/bx/n' in size <12> not available
(Font)              Font shape `OT1/ptm/b/n' tried instead on input line 1090.
LaTeX Font Info:    Font shape `OT1/ptm/bx/it' in size <12> not available
(Font)              Font shape `OT1/ptm/b/it' tried instead on input line 1090.

LaTeX Font Info:    Font shape `OT1/ptm/bx/n' in size <17> not available
(Font)              Font shape `OT1/ptm/b/n' tried instead on input line 1090.
LaTeX Font Info:    Font shape `OT1/ptm/bx/it' in size <17> not available
(Font)              Font shape `OT1/ptm/b/it' tried instead on input line 1090.

LaTeX Font Info:    Font shape `OT1/ptm/bx/n' in size <20> not available
(Font)              Font shape `OT1/ptm/b/n' tried instead on input line 1090.
LaTeX Font Info:    Font shape `OT1/ptm/bx/it' in size <20> not available
(Font)              Font shape `OT1/ptm/b/it' tried instead on input line 1090.

LaTeX Font Info:    Font shape `OT1/ptm/bx/n' in size <24> not available
(Font)              Font shape `OT1/ptm/b/n' tried instead on input line 1090.
LaTeX Font Info:    Font shape `OT1/ptm/bx/it' in size <24> not available
(Font)              Font shape `OT1/ptm/b/it' tried instead on input line 1090.

\IEEEquantizedlength=\dimen109
\IEEEquantizedlengthdiff=\dimen110
\IEEEquantizedtextheightdiff=\dimen111
\IEEEilabelindentA=\dimen112
\IEEEilabelindentB=\dimen113
\IEEEilabelindent=\dimen114
\IEEEelabelindent=\dimen115
\IEEEdlabelindent=\dimen116
\IEEElabelindent=\dimen117
\IEEEiednormlabelsep=\dimen118
\IEEEiedmathlabelsep=\dimen119
\IEEEiedtopsep=\skip41
\c@section=\count83
\c@subsection=\count84
\c@subsubsection=\count85
\c@paragraph=\count86
\c@IEEEsubequation=\count87
\abovecaptionskip=\skip42
\belowcaptionskip=\skip43
\c@figure=\count88
\c@table=\count89
\@IEEEeqnnumcols=\count90
\@IEEEeqncolcnt=\count91
\@IEEEsubeqnnumrollback=\count92
\@IEEEquantizeheightA=\dimen120
\@IEEEquantizeheightB=\dimen121
\@IEEEquantizeheightC=\dimen122
\@IEEEquantizeprevdepth=\dimen123
\@IEEEquantizemultiple=\count93
\@IEEEquantizeboxA=\box27
\@IEEEtmpitemindent=\dimen124
\IEEEPARstartletwidth=\dimen125
\c@IEEEbiography=\count94
\@IEEEtranrubishbin=\box28
) (/usr/share/texlive/texmf-dist/tex/latex/amsmath/amsmath.sty
Package: amsmath 2018/12/01 v2.17b AMS math features
\@mathmargin=\skip44

For additional information on amsmath, use the `?' option.
(/usr/share/texlive/texmf-dist/tex/latex/amsmath/amstext.sty
Package: amstext 2000/06/29 v2.01 AMS text

(/usr/share/texlive/texmf-dist/tex/latex/amsmath/amsgen.sty
File: amsgen.sty 1999/11/30 v2.0 generic functions
\@emptytoks=\toks15
\ex@=\dimen126
))
(/usr/share/texlive/texmf-dist/tex/latex/amsmath/amsbsy.sty
Package: amsbsy 1999/11/29 v1.2d Bold Symbols
\pmbraise@=\dimen127
)
(/usr/share/texlive/texmf-dist/tex/latex/amsmath/amsopn.sty
Package: amsopn 2016/03/08 v2.02 operator names
)
\inf@bad=\count95
LaTeX Info: Redefining \frac on input line 223.
\uproot@=\count96
\leftroot@=\count97
LaTeX Info: Redefining \overline on input line 385.
\classnum@=\count98
\DOTSCASE@=\count99
LaTeX Info: Redefining \ldots on input line 482.
LaTeX Info: Redefining \dots on input line 485.
LaTeX Info: Redefining \cdots on input line 606.
\Mathstrutbox@=\box29
\strutbox@=\box30
\big@size=\dimen128
LaTeX Font Info:    Redeclaring font encoding OML on input line 729.
LaTeX Font Info:    Redeclaring font encoding OMS on input line 730.
\macc@depth=\count100
\c@MaxMatrixCols=\count101
\dotsspace@=\muskip10
\c@parentequation=\count102
\dspbrk@lvl=\count103
\tag@help=\toks16
\row@=\count104
\column@=\count105
\maxfields@=\count106
\andhelp@=\toks17
\eqnshift@=\dimen129
\alignsep@=\dimen130
\tagshift@=\dimen131
\tagwidth@=\dimen132
\totwidth@=\dimen133
\lineht@=\dimen134
\@envbody=\toks18
\multlinegap=\skip45
\multlinetaggap=\skip46
\mathdisplay@stack=\toks19
LaTeX Info: Redefining \[ on input line 2844.
LaTeX Info: Redefining \] on input line 2845.
)
(/usr/share/texlive/texmf-dist/tex/latex/amsfonts/amsfonts.sty
Package: amsfonts 2013/01/14 v3.01 Basic AMSFonts support
\symAMSa=\mathgroup4
\symAMSb=\mathgroup5
LaTeX Font Info:    Overwriting math alphabet `\mathfrak' in version `bold'
(Font)                  U/euf/m/n --> U/euf/b/n on input line 106.
)
(/usr/share/texlive/texmf-dist/tex/latex/amsfonts/amssymb.sty
Package: amssymb 2013/01/14 v3.01 AMS font symbols
)
(/usr/share/texlive/texmf-dist/tex/latex/graphics/graphicx.sty
Package: graphicx 2017/06/01 v1.1a Enhanced LaTeX Graphics (DPC,SPQR)

(/usr/share/texlive/texmf-dist/tex/latex/graphics/keyval.sty
Package: keyval 2014/10/28 v1.15 key=value parser (DPC)
\KV@toks@=\toks20
)
(/usr/share/texlive/texmf-dist/tex/latex/graphics/graphics.sty
Package: graphics 2017/06/25 v1.2c Standard LaTeX Graphics (DPC,SPQR)

(/usr/share/texlive/texmf-dist/tex/latex/graphics/trig.sty
Package: trig 2016/01/03 v1.10 sin cos tan (DPC)
)
(/usr/share/texlive/texmf-dist/tex/latex/graphics-cfg/graphics.cfg
File: graphics.cfg 2016/06/04 v1.11 sample graphics configuration
)
Package graphics Info: Driver file: pdftex.def on input line 99.

(/usr/share/texlive/texmf-dist/tex/latex/graphics-def/pdftex.def
File: pdftex.def 2018/01/08 v1.0l Graphics/color driver for pdftex
))
\Gin@req@height=\dimen135
\Gin@req@width=\dimen136
)
(/usr/share/texlive/texmf-dist/tex/latex/tools/tabularx.sty
Package: tabularx 2016/02/03 v2.11b `tabularx' package (DPC)

(/usr/share/texlive/texmf-dist/tex/latex/tools/array.sty
Package: array 2018/12/30 v2.4k Tabular extension package (FMi)
\col@sep=\dimen137
\ar@mcellbox=\box31
\extrarowheight=\dimen138
\NC@list=\toks21
\extratabsurround=\skip47
\backup@length=\skip48
\ar@cellbox=\box32
)
\TX@col@width=\dimen139
\TX@old@table=\dimen140
\TX@old@col=\dimen141
\TX@target=\dimen142
\TX@delta=\dimen143
\TX@cols=\count107
\TX@ftn=\toks22
)
(/usr/share/texlive/texmf-dist/tex/latex/algorithms/algorithm.sty
Package: algorithm 2009/08/24 v0.1 Document Style `algorithm' - floating enviro
nment

(/usr/share/texlive/texmf-dist/tex/latex/float/float.sty
Package: float 2001/11/08 v1.3d Float enhancements (AL)
\c@float@type=\count108
\float@exts=\toks23
\float@box=\box33
\@float@everytoks=\toks24
\@floatcapt=\box34
)
(/usr/share/texlive/texmf-dist/tex/latex/base/ifthen.sty
Package: ifthen 2014/09/29 v1.1c Standard LaTeX ifthen package (DPC)
)
\@float@every@algorithm=\toks25
\c@algorithm=\count109
)
(/usr/share/texlive/texmf-dist/tex/latex/algorithmicx/algpseudocode.sty
Package: algpseudocode 

(/usr/share/texlive/texmf-dist/tex/latex/algorithmicx/algorithmicx.sty
Package: algorithmicx 2005/04/27 v1.2 Algorithmicx

Document Style algorithmicx 1.2 - a greatly improved `algorithmic' style
\c@ALG@line=\count110
\c@ALG@rem=\count111
\c@ALG@nested=\count112
\ALG@tlm=\skip49
\ALG@thistlm=\skip50
\c@ALG@Lnr=\count113
\c@ALG@blocknr=\count114
\c@ALG@storecount=\count115
\c@ALG@tmpcounter=\count116
\ALG@tmplength=\skip51
)
Document Style - pseudocode environments for use with the `algorithmicx' style
) (/usr/share/texlive/texmf-dist/tex/latex/caption/subcaption.sty
Package: subcaption 2018/05/01 v1.1-162 Sub-captions (AR)

(/usr/share/texlive/texmf-dist/tex/latex/caption/caption.sty
Package: caption 2018/10/06 v3.3-154 Customizing captions (AR)

(/usr/share/texlive/texmf-dist/tex/latex/caption/caption3.sty
Package: caption3 2018/09/12 v1.8c caption3 kernel (AR)
Package caption3 Info: TeX engine: e-TeX on input line 64.
\captionmargin=\dimen144
\captionmargin@=\dimen145
\captionwidth=\dimen146
\caption@tempdima=\dimen147
\caption@indent=\dimen148
\caption@parindent=\dimen149
\caption@hangindent=\dimen150
Package caption Info: Unknown document class (or package),
(caption)             standard defaults will be used.
)

Package caption Warning: Unsupported document class (or package) detected,
(caption)                usage of the caption package is not recommended.
See the caption package documentation for explanation.

Package caption Info: \@makecaption = \long macro:#1#2->\ifx \@captype \@IEEEta
blestring \footnotesize \bgroup \par \centering \@IEEEtabletopskipstrut {\norma
lfont \footnotesize #1}\\{\normalfont \footnotesize \scshape #2}\par \addvspace
 {0.5\baselineskip }\egroup \@IEEEtablecaptionsepspace \else \@IEEEfigurecaptio
nsepspace \setbox \@tempboxa \hbox {\normalfont \footnotesize {#1.}\nobreakspac
e \nobreakspace #2}\ifdim \wd \@tempboxa >\hsize \setbox \@tempboxa \hbox {\nor
malfont \footnotesize {#1.}\nobreakspace \nobreakspace }\parbox [t]{\hsize }{\n
ormalfont \footnotesize \noindent \unhbox \@tempboxa #2}\else \ifCLASSOPTIONcon
ference \hbox to\hsize {\normalfont \footnotesize \hfil \box \@tempboxa \hfil }
\else \hbox to\hsize {\normalfont \footnotesize \box \@tempboxa \hfil }\fi \fi 
\fi .
\c@caption@flags=\count117
\c@ContinuedFloat=\count118
Package caption Info: float package is loaded.
)
\c@subfigure=\count119
\c@subtable=\count120
) (/usr/share/texlive/texmf-dist/tex/latex/hyperref/hyperref.sty
Package: hyperref 2018/11/30 v6.88e Hypertext links for LaTeX

(/usr/share/texlive/texmf-dist/tex/generic/oberdiek/hobsub-hyperref.sty
Package: hobsub-hyperref 2016/05/16 v1.14 Bundle oberdiek, subset hyperref (HO)


(/usr/share/texlive/texmf-dist/tex/generic/oberdiek/hobsub-generic.sty
Package: hobsub-generic 2016/05/16 v1.14 Bundle oberdiek, subset generic (HO)
Package: hobsub 2016/05/16 v1.14 Construct package bundles (HO)
Package: infwarerr 2016/05/16 v1.4 Providing info/warning/error messages (HO)
Package: ltxcmds 2016/05/16 v1.23 LaTeX kernel commands for general use (HO)
Package: ifluatex 2016/05/16 v1.4 Provides the ifluatex switch (HO)
Package ifluatex Info: LuaTeX not detected.
Package: ifvtex 2016/05/16 v1.6 Detect VTeX and its facilities (HO)
Package ifvtex Info: VTeX not detected.
Package: intcalc 2016/05/16 v1.2 Expandable calculations with integers (HO)
Package: ifpdf 2018/09/07 v3.3 Provides the ifpdf switch
Package: etexcmds 2016/05/16 v1.6 Avoid name clashes with e-TeX commands (HO)
Package: kvsetkeys 2016/05/16 v1.17 Key value parser (HO)
Package: kvdefinekeys 2016/05/16 v1.4 Define keys (HO)
Package: pdftexcmds 2018/09/10 v0.29 Utility functions of pdfTeX for LuaTeX (HO
)
Package pdftexcmds Info: LuaTeX not detected.
Package pdftexcmds Info: \pdf@primitive is available.
Package pdftexcmds Info: \pdf@ifprimitive is available.
Package pdftexcmds Info: \pdfdraftmode found.
Package: pdfescape 2016/05/16 v1.14 Implements pdfTeX's escape features (HO)
Package: bigintcalc 2016/05/16 v1.4 Expandable calculations on big integers (HO
)
Package: bitset 2016/05/16 v1.2 Handle bit-vector datatype (HO)
Package: uniquecounter 2016/05/16 v1.3 Provide unlimited unique counter (HO)
)
Package hobsub Info: Skipping package `hobsub' (already loaded).
Package: letltxmacro 2016/05/16 v1.5 Let assignment for LaTeX macros (HO)
Package: hopatch 2016/05/16 v1.3 Wrapper for package hooks (HO)
Package: xcolor-patch 2016/05/16 xcolor patch
Package: atveryend 2016/05/16 v1.9 Hooks at the very end of document (HO)
Package atveryend Info: \enddocument detected (standard20110627).
Package: atbegshi 2016/06/09 v1.18 At begin shipout hook (HO)
Package: refcount 2016/05/16 v3.5 Data extraction from label references (HO)
Package: hycolor 2016/05/16 v1.8 Color options for hyperref/bookmark (HO)
)
(/usr/share/texlive/texmf-dist/tex/generic/ifxetex/ifxetex.sty
Package: ifxetex 2010/09/12 v0.6 Provides ifxetex conditional
)
(/usr/share/texlive/texmf-dist/tex/latex/oberdiek/auxhook.sty
Package: auxhook 2016/05/16 v1.4 Hooks for auxiliary files (HO)
)
(/usr/share/texlive/texmf-dist/tex/latex/oberdiek/kvoptions.sty
Package: kvoptions 2016/05/16 v3.12 Key value format for package options (HO)
)
\@linkdim=\dimen151
\Hy@linkcounter=\count121
\Hy@pagecounter=\count122

(/usr/share/texlive/texmf-dist/tex/latex/hyperref/pd1enc.def
File: pd1enc.def 2018/11/30 v6.88e Hyperref: PDFDocEncoding definition (HO)
Now handling font encoding PD1 ...
... no UTF-8 mapping file for font encoding PD1
)
\Hy@SavedSpaceFactor=\count123

(/usr/share/texlive/texmf-dist/tex/latex/latexconfig/hyperref.cfg
File: hyperref.cfg 2002/06/06 v1.2 hyperref configuration of TeXLive
)
Package hyperref Info: Hyper figures OFF on input line 4519.
Package hyperref Info: Link nesting OFF on input line 4524.
Package hyperref Info: Hyper index ON on input line 4527.
Package hyperref Info: Plain pages OFF on input line 4534.
Package hyperref Info: Backreferencing OFF on input line 4539.
Package hyperref Info: Implicit mode ON; LaTeX internals redefined.
Package hyperref Info: Bookmarks ON on input line 4772.
\c@Hy@tempcnt=\count124

(/usr/share/texlive/texmf-dist/tex/latex/url/url.sty
\Urlmuskip=\muskip11
Package: url 2013/09/16  ver 3.4  Verb mode for urls, etc.
)
LaTeX Info: Redefining \url on input line 5125.
\XeTeXLinkMargin=\dimen152
\Fld@menulength=\count125
\Field@Width=\dimen153
\Fld@charsize=\dimen154
Package hyperref Info: Hyper figures OFF on input line 6380.
Package hyperref Info: Link nesting OFF on input line 6385.
Package hyperref Info: Hyper index ON on input line 6388.
Package hyperref Info: backreferencing OFF on input line 6395.
Package hyperref Info: Link coloring OFF on input line 6400.
Package hyperref Info: Link coloring with OCG OFF on input line 6405.
Package hyperref Info: PDF/A mode OFF on input line 6410.
LaTeX Info: Redefining \ref on input line 6450.
LaTeX Info: Redefining \pageref on input line 6454.
\Hy@abspage=\count126
\c@Item=\count127
\c@Hfootnote=\count128
)
Package hyperref Info: Driver (autodetected): hpdftex.

(/usr/share/texlive/texmf-dist/tex/latex/hyperref/hpdftex.def
File: hpdftex.def 2018/11/30 v6.88e Hyperref driver for pdfTeX
\Fld@listcount=\count129
\c@bookmark@seq@number=\count130

(/usr/share/texlive/texmf-dist/tex/latex/oberdiek/rerunfilecheck.sty
Package: rerunfilecheck 2016/05/16 v1.8 Rerun checks for auxiliary files (HO)
Package uniquecounter Info: New unique counter `rerunfilecheck' on input line 2
82.
)
\Hy@SectionHShift=\skip52
)
(/usr/share/texlive/texmf-dist/tex/generic/babel/babel.sty
Package: babel 2018/11/13 3.27 The Babel package

(/usr/share/texlive/texmf-dist/tex/generic/babel/switch.def
File: switch.def 2018/11/13 3.27 Babel switching mechanism
)
(/usr/share/texlive/texmf-dist/tex/generic/babel-english/english.ldf
Language: english 2017/06/06 v3.3r English support from the babel system

(/usr/share/texlive/texmf-dist/tex/generic/babel/babel.def
File: babel.def 2018/11/13 3.27 Babel common definitions
\babel@savecnt=\count131
\U@D=\dimen155

(/usr/share/texlive/texmf-dist/tex/generic/babel/txtbabel.def)
\bbl@dirlevel=\count132
)
\l@canadian = a dialect from \language\l@american 
\l@australian = a dialect from \language\l@british 
\l@newzealand = a dialect from \language\l@british 
))
(./sybil_autonomous.aux)
\openout1 = `sybil_autonomous.aux'.

LaTeX Font Info:    Checking defaults for OML/cmm/m/it on input line 35.
LaTeX Font Info:    ... okay on input line 35.
LaTeX Font Info:    Checking defaults for T1/cmr/m/n on input line 35.
LaTeX Font Info:    ... okay on input line 35.
LaTeX Font Info:    Checking defaults for OT1/cmr/m/n on input line 35.
LaTeX Font Info:    ... okay on input line 35.
LaTeX Font Info:    Checking defaults for OMS/cmsy/m/n on input line 35.
LaTeX Font Info:    ... okay on input line 35.
LaTeX Font Info:    Checking defaults for OMX/cmex/m/n on input line 35.
LaTeX Font Info:    ... okay on input line 35.
LaTeX Font Info:    Checking defaults for U/cmr/m/n on input line 35.
LaTeX Font Info:    ... okay on input line 35.
LaTeX Font Info:    Checking defaults for PD1/pdf/m/n on input line 35.
LaTeX Font Info:    ... okay on input line 35.

-- Lines per column: 50 (exact).
(/usr/share/texlive/texmf-dist/tex/context/base/mkii/supp-pdf.mkii
[Loading MPS to PDF converter (version 2006.09.02).]
\scratchcounter=\count133
\scratchdimen=\dimen156
\scratchbox=\box35
\nofMPsegments=\count134
\nofMParguments=\count135
\everyMPshowfont=\toks26
\MPscratchCnt=\count136
\MPscratchDim=\dimen157
\MPnumerator=\count137
\makeMPintoPDFobject=\count138
\everyMPtoPDFconversion=\toks27
) (/usr/share/texlive/texmf-dist/tex/latex/oberdiek/epstopdf-base.sty
Package: epstopdf-base 2016/05/15 v2.6 Base part for package epstopdf

(/usr/share/texlive/texmf-dist/tex/latex/oberdiek/grfext.sty
Package: grfext 2016/05/16 v1.2 Manage graphics extensions (HO)
)
Package epstopdf-base Info: Redefining graphics rule for `.eps' on input line 4
38.
Package grfext Info: Graphics extension search list:
(grfext)             [.pdf,.png,.jpg,.mps,.jpeg,.jbig2,.jb2,.PDF,.PNG,.JPG,.JPE
G,.JBIG2,.JB2,.eps]
(grfext)             \AppendGraphicsExtensions on input line 456.

(/usr/share/texlive/texmf-dist/tex/latex/latexconfig/epstopdf-sys.cfg
File: epstopdf-sys.cfg 2010/07/13 v1.3 Configuration of (r)epstopdf for TeX Liv
e
))
Package caption Info: Begin \AtBeginDocument code.
Package caption Info: hyperref package is loaded.
Package caption Info: End \AtBeginDocument code.
\AtBeginShipoutBox=\box36
Package hyperref Info: Link coloring OFF on input line 35.

(/usr/share/texlive/texmf-dist/tex/latex/hyperref/nameref.sty
Package: nameref 2016/05/21 v2.44 Cross-referencing by name of section

(/usr/share/texlive/texmf-dist/tex/generic/oberdiek/gettitlestring.sty
Package: gettitlestring 2016/05/16 v1.5 Cleanup title references (HO)
)
\c@section@level=\count139
)
LaTeX Info: Redefining \ref on input line 35.
LaTeX Info: Redefining \pageref on input line 35.
LaTeX Info: Redefining \nameref on input line 35.

(./sybil_autonomous.out) (./sybil_autonomous.out)
\@outlinefile=\write3
\openout3 = `sybil_autonomous.out'.

LaTeX Font Info:    Calculating math sizes for size <11> on input line 101.
LaTeX Font Info:    Try loading font information for U+msa on input line 101.

(/usr/share/texlive/texmf-dist/tex/latex/amsfonts/umsa.fd
File: umsa.fd 2013/01/14 v3.01 AMS symbols A
)
LaTeX Font Info:    Try loading font information for U+msb on input line 101.

(/usr/share/texlive/texmf-dist/tex/latex/amsfonts/umsb.fd
File: umsb.fd 2013/01/14 v3.01 AMS symbols B
) [1{/var/lib/texmf/fonts/map/pdftex/updmap/pdftex.map}


]
<figs/workloadDistribution.png, id=118, 586.8324pt x 442.2924pt>
File: figs/workloadDistribution.png Graphic file (type png)
<use figs/workloadDistribution.png>
Package pdftex.def Info: figs/workloadDistribution.png  used on input line 175.

(pdftex.def)             Requested size: 361.19843pt x 272.24104pt.
LaTeX Font Info:    Try loading font information for OT1+pcr on input line 183.


(/usr/share/texlive/texmf-dist/tex/latex/psnfss/ot1pcr.fd
File: ot1pcr.fd 2001/06/04 font definitions for OT1/pcr.
)
<figs/exampleChordUnevenRedone.png, id=123, 462.528pt x 346.896pt>
File: figs/exampleChordUnevenRedone.png Graphic file (type png)
<use figs/exampleChordUnevenRedone.png>
Package pdftex.def Info: figs/exampleChordUnevenRedone.png  used on input line 
190.
(pdftex.def)             Requested size: 361.19843pt x 270.91125pt.
 [2] [3 <./figs/workloadDistribution.png> <./figs/exampleChordUnevenRedone.png>
]
<figs/exampleChordEvenRedone.png, id=152, 462.528pt x 346.896pt>
File: figs/exampleChordEvenRedone.png Graphic file (type png)
<use figs/exampleChordEvenRedone.png>
Package pdftex.def Info: figs/exampleChordEvenRedone.png  used on input line 20
4.
(pdftex.def)             Requested size: 361.19843pt x 270.91125pt.
 [4] [5 <./figs/exampleChordEvenRedone.png>]
Underfull \hbox (badness 10000) in paragraph at lines 368--373
[]\OT1/ptm/m/n/11 A node com-pares its work-load to the
 []


Underfull \hbox (badness 6284) in paragraph at lines 368--373
\OT1/pcr/m/n/11 sybilThreshold \OT1/ptm/m/n/11 and de-cides whether or not
 []

[6]
Underfull \hbox (badness 10000) in paragraph at lines 436--436
[]|\OT1/ptm/m/n/10 Churn
 []


Underfull \hbox (badness 10000) in paragraph at lines 436--436
[]|$\OT1/cmr/m/n/10 10[]$
 []


Underfull \hbox (badness 10000) in paragraph at lines 436--436
\OT1/ptm/m/n/10 nodes,
 []


Underfull \hbox (badness 10000) in paragraph at lines 436--436
\OT1/cmr/m/n/10 10[]$
 []


Underfull \hbox (badness 10000) in paragraph at lines 436--436
[]|$\OT1/cmr/m/n/10 10[]$
 []


Underfull \hbox (badness 10000) in paragraph at lines 436--436
\OT1/ptm/m/n/10 nodes,
 []


Underfull \hbox (badness 10000) in paragraph at lines 436--436
\OT1/cmr/m/n/10 10[]$
 []


Underfull \hbox (badness 10000) in paragraph at lines 436--436
[]|$\OT1/cmr/m/n/10 100$
 []


Underfull \hbox (badness 10000) in paragraph at lines 436--436
\OT1/ptm/m/n/10 nodes,
 []


Underfull \hbox (badness 10000) in paragraph at lines 436--436
\OT1/cmr/m/n/10 10[]$
 []


Underfull \hbox (badness 10000) in paragraph at lines 436--436
[]|$\OT1/cmr/m/n/10 100$
 []


Underfull \hbox (badness 10000) in paragraph at lines 436--436
\OT1/ptm/m/n/10 nodes,
 []


Underfull \hbox (badness 10000) in paragraph at lines 436--436
\OT1/cmr/m/n/10 10[]$
 []


Underfull \hbox (badness 10000) in paragraph at lines 436--436
[]|$\OT1/cmr/m/n/10 100$
 []


Underfull \hbox (badness 10000) in paragraph at lines 436--436
\OT1/ptm/m/n/10 nodes,
 []


Underfull \hbox (badness 10000) in paragraph at lines 436--436
\OT1/cmr/m/n/10 10[]$
 []


LaTeX Warning: `h' float specifier changed to `ht'.

<figs/churnVsTime.png, id=211, 586.8324pt x 442.2924pt>
File: figs/churnVsTime.png Graphic file (type png)
<use figs/churnVsTime.png>
Package pdftex.def Info: figs/churnVsTime.png  used on input line 461.
(pdftex.def)             Requested size: 361.19843pt x 272.24104pt.

LaTeX Warning: `h' float specifier changed to `ht'.

<figs/churnVsWork.png, id=213, 578.16pt x 431.4519pt>
File: figs/churnVsWork.png Graphic file (type png)
<use figs/churnVsWork.png>
Package pdftex.def Info: figs/churnVsWork.png  used on input line 482.
(pdftex.def)             Requested size: 361.19843pt x 269.54486pt.
[7]
<figs/ChurnStableHist0.png, id=231, 578.16pt x 431.4519pt>
File: figs/ChurnStableHist0.png Graphic file (type png)
<use figs/ChurnStableHist0.png>
Package pdftex.def Info: figs/ChurnStableHist0.png  used on input line 503.
(pdftex.def)             Requested size: 361.19843pt x 269.54486pt.
<figs/ChurnStableHist5.png, id=234, 578.16pt x 431.4519pt>
File: figs/ChurnStableHist5.png Graphic file (type png)
<use figs/ChurnStableHist5.png>
Package pdftex.def Info: figs/ChurnStableHist5.png  used on input line 512.
(pdftex.def)             Requested size: 361.19843pt x 269.54486pt.
<figs/ChurnStableHist35.png, id=235, 578.16pt x 431.4519pt>
File: figs/ChurnStableHist35.png Graphic file (type png)
<use figs/ChurnStableHist35.png>
Package pdftex.def Info: figs/ChurnStableHist35.png  used on input line 522.
(pdftex.def)             Requested size: 361.19843pt x 269.54486pt.

Underfull \vbox (badness 4621) has occurred while \output is active []

<figs/randomStableHist5.png, id=241, 578.16pt x 431.4519pt>
File: figs/randomStableHist5.png Graphic file (type png)
<use figs/randomStableHist5.png>
Package pdftex.def Info: figs/randomStableHist5.png  used on input line 545.
(pdftex.def)             Requested size: 361.19843pt x 269.54486pt.
 [8 <./figs/churnVsTime.png>] [9 <./figs/churnVsWork.png> <./figs/ChurnStableHi
st0.png>]
[10 <./figs/ChurnStableHist5.png> <./figs/ChurnStableHist35.png>]
<figs/randomStableHist35.png, id=265, 578.16pt x 431.4519pt>
File: figs/randomStableHist35.png Graphic file (type png)
<use figs/randomStableHist35.png>
Package pdftex.def Info: figs/randomStableHist35.png  used on input line 553.
(pdftex.def)             Requested size: 361.19843pt x 269.54486pt.
<figs/churnInjectionHist35.png, id=270, 578.16pt x 431.4519pt>
File: figs/churnInjectionHist35.png Graphic file (type png)
<use figs/churnInjectionHist35.png>
Package pdftex.def Info: figs/churnInjectionHist35.png  used on input line 569.

(pdftex.def)             Requested size: 361.19843pt x 269.54486pt.
<figs/randomStableHistHetero35.png, id=272, 578.16pt x 431.4519pt>
File: figs/randomStableHistHetero35.png Graphic file (type png)
<use figs/randomStableHistHetero35.png>
Package pdftex.def Info: figs/randomStableHistHetero35.png  used on input line 
590.
(pdftex.def)             Requested size: 361.19843pt x 269.54486pt.

Underfull \hbox (badness 10000) in paragraph at lines 599--602
 \OT1/ptm/m/it/11 1) The Ef-fects of Other Vari-ables: [][][] \OT1/ptm/m/n/11 T
he
 []


Underfull \hbox (badness 1424) in paragraph at lines 599--602
\OT1/ptm/m/n/11 net-works but no ef-fect in het-ero-ge-neous net-works.
 []


Underfull \hbox (badness 3612) in paragraph at lines 599--602
\OT1/ptm/m/n/11 In 1000 node/100,000 task and 100 node/10,000
 []


Underfull \hbox (badness 1902) in paragraph at lines 603--606
\OT1/ptm/m/n/11 net-works. This sug-gests the ef-fect of a par-tic-u-lar
 []

[11] [12 <./figs/randomStableHist5.png> <./figs/randomStableHist35.png>]
[13 <./figs/churnInjectionHist35.png> <./figs/randomStableHistHetero35.png>]
<figs/neighborsStableHist5.png, id=300, 578.16pt x 431.4519pt>
File: figs/neighborsStableHist5.png Graphic file (type png)
<use figs/neighborsStableHist5.png>
Package pdftex.def Info: figs/neighborsStableHist5.png  used on input line 647.

(pdftex.def)             Requested size: 361.19843pt x 269.54486pt.
<figs/neighborsStableHist35.png, id=301, 578.16pt x 431.4519pt>
File: figs/neighborsStableHist35.png Graphic file (type png)
<use figs/neighborsStableHist35.png>
Package pdftex.def Info: figs/neighborsStableHist35.png  used on input line 655
.
(pdftex.def)             Requested size: 361.19843pt x 269.54486pt.
<figs/neighborsStableSmartHist5.png, id=304, 578.16pt x 431.4519pt>
File: figs/neighborsStableSmartHist5.png Graphic file (type png)
<use figs/neighborsStableSmartHist5.png>
Package pdftex.def Info: figs/neighborsStableSmartHist5.png  used on input line
 670.
(pdftex.def)             Requested size: 361.19843pt x 269.54486pt.
<figs/neighborsStableSmartHist35.png, id=307, 578.16pt x 431.4519pt>
File: figs/neighborsStableSmartHist35.png Graphic file (type png)
<use figs/neighborsStableSmartHist35.png>
Package pdftex.def Info: figs/neighborsStableSmartHist35.png  used on input lin
e 678.
(pdftex.def)             Requested size: 361.19843pt x 269.54486pt.
<figs/inviteStableHist5.png, id=312, 578.16pt x 431.4519pt>
File: figs/inviteStableHist5.png Graphic file (type png)
<use figs/inviteStableHist5.png>
Package pdftex.def Info: figs/inviteStableHist5.png  used on input line 710.
(pdftex.def)             Requested size: 361.19843pt x 269.54486pt.
<figs/inviteStableHist35.png, id=313, 578.16pt x 431.4519pt>
File: figs/inviteStableHist35.png Graphic file (type png)
<use figs/inviteStableHist35.png>
Package pdftex.def Info: figs/inviteStableHist35.png  used on input line 717.
(pdftex.def)             Requested size: 361.19843pt x 269.54486pt.
<figs/inviteNeighborsHist5.png, id=314, 578.16pt x 431.4519pt>
File: figs/inviteNeighborsHist5.png Graphic file (type png)
<use figs/inviteNeighborsHist5.png>
Package pdftex.def Info: figs/inviteNeighborsHist5.png  used on input line 726.

(pdftex.def)             Requested size: 361.19843pt x 269.54486pt.
<figs/inviteNeighborsHist35.png, id=315, 578.16pt x 431.4519pt>
File: figs/inviteNeighborsHist35.png Graphic file (type png)
<use figs/inviteNeighborsHist35.png>
Package pdftex.def Info: figs/inviteNeighborsHist35.png  used on input line 734
.
(pdftex.def)             Requested size: 361.19843pt x 269.54486pt.

[14] [15 <./figs/neighborsStableHist5.png> <./figs/neighborsStableHist35.png>]
[16 <./figs/neighborsStableSmartHist5.png> <./figs/neighborsStableSmartHist35.p
ng>] [17 <./figs/inviteStableHist5.png> <./figs/inviteStableHist35.png>]
[18 <./figs/inviteNeighborsHist5.png> <./figs/inviteNeighborsHist35.png>]

LaTeX Warning: Reference `chapter:sybil' on page 19 undefined on input line 771
.

(./sybil_autonomous.bbl
Underfull \hbox (badness 3128) in paragraph at lines 50--53
[]\OT1/ptm/m/n/9 Andrew Rosen.  Au-tonomous load-balancing raw data.
 []

)

** Conference Paper **
Before submitting the final camera ready copy, remember to:

 1. Manually equalize the lengths of two columns on the last page
 of your paper;

 2. Ensure that any PostScript and/or PDF output post-processing
 uses only Type 1 fonts and that every step in the generation
 process uses the appropriate paper size.

Package atveryend Info: Empty hook `BeforeClearDocument' on input line 776.
[19]
Package atveryend Info: Empty hook `AfterLastShipout' on input line 776.
 (./sybil_autonomous.aux)
Package atveryend Info: Executing hook `AtVeryEndDocument' on input line 776.
Package atveryend Info: Executing hook `AtEndAfterFileList' on input line 776.
Package rerunfilecheck Info: File `sybil_autonomous.out' has not changed.
(rerunfilecheck)             Checksum: EF6C5BD87178A9AD4F7B486D3CC59066;1277.


LaTeX Warning: There were undefined references.

Package atveryend Info: Empty hook `AtVeryVeryEnd' on input line 776.
 )
(\end occurred inside a group at level 1)

### simple group (level 1) entered at line 419 ({)
### bottom level 
Here is how much of TeX's memory you used:
 9345 strings out of 492615
 144212 string characters out of 6131390
 257082 words of memory out of 5000000
 13004 multiletter control sequences out of 15000+600000
 48047 words of font info for 105 fonts, out of 8000000 for 9000
 1150 hyphenation exceptions out of 8191
 42i,11n,43p,460b,425s stack positions out of 5000i,500n,10000p,200000b,80000s
{/usr/share/texlive/texmf-dist/fonts/enc/dvips/base/8r.enc}</us
r/share/texlive/texmf-dist/fonts/type1/public/amsfonts/cm/cmex10.pfb></usr/shar
e/texlive/texmf-dist/fonts/type1/public/amsfonts/cm/cmmi10.pfb></usr/share/texl
ive/texmf-dist/fonts/type1/public/amsfonts/cm/cmmi7.pfb></usr/share/texlive/tex
mf-dist/fonts/type1/public/amsfonts/cm/cmmi8.pfb></usr/share/texlive/texmf-dist
/fonts/type1/public/amsfonts/cm/cmmi9.pfb></usr/share/texlive/texmf-dist/fonts/
type1/public/amsfonts/cm/cmr10.pfb></usr/share/texlive/texmf-dist/fonts/type1/p
ublic/amsfonts/cm/cmr5.pfb></usr/share/texlive/texmf-dist/fonts/type1/public/am
sfonts/cm/cmr7.pfb></usr/share/texlive/texmf-dist/fonts/type1/public/amsfonts/c
m/cmr8.pfb></usr/share/texlive/texmf-dist/fonts/type1/public/amsfonts/cm/cmsy10
.pfb></usr/share/texlive/texmf-dist/fonts/type1/public/amsfonts/cm/cmsy8.pfb></
usr/share/texlive/texmf-dist/fonts/type1/urw/courier/ucrr8a.pfb></usr/share/tex
live/texmf-dist/fonts/type1/urw/times/utmb8a.pfb></usr/share/texlive/texmf-dist
/fonts/type1/urw/times/utmbi8a.pfb></usr/share/texlive/texmf-dist/fonts/type1/u
rw/times/utmr8a.pfb></usr/share/texlive/texmf-dist/fonts/type1/urw/times/utmri8
a.pfb>
Output written on sybil_autonomous.pdf (19 pages, 697056 bytes).
PDF statistics:
 441 PDF objects out of 1000 (max. 8388607)
 357 compressed objects within 4 object streams
 101 named destinations out of 1000 (max. 500000)
 261 words of extra memory for PDF output out of 10000 (max. 10000000)

