\BOOKMARK [1][-]{section.1}{Introduction}{}% 1
\BOOKMARK [1][-]{section.2}{How Work Is Distributed in DHTs: A Visual Guide}{}% 2
\BOOKMARK [1][-]{section.3}{Simulation}{}% 3
\BOOKMARK [2][-]{subsection.3.1}{The Parameters}{section.3}% 4
\BOOKMARK [3][-]{subsubsection.3.1.1}{Constants and Terminology}{subsection.3.1}% 5
\BOOKMARK [3][-]{subsubsection.3.1.2}{Experimental Variables}{subsection.3.1}% 6
\BOOKMARK [3][-]{subsubsection.3.1.3}{Outputs}{subsection.3.1}% 7
\BOOKMARK [1][-]{section.4}{Strategies}{}% 8
\BOOKMARK [2][-]{subsection.4.1}{Induced Churn}{section.4}% 9
\BOOKMARK [2][-]{subsection.4.2}{Random Injection}{section.4}% 10
\BOOKMARK [2][-]{subsection.4.3}{Neighbor Injection}{section.4}% 11
\BOOKMARK [2][-]{subsection.4.4}{Invitation}{section.4}% 12
\BOOKMARK [1][-]{section.5}{Results Of Experiments}{}% 13
\BOOKMARK [2][-]{subsection.5.1}{Churn}{section.5}% 14
\BOOKMARK [2][-]{subsection.5.2}{Random Injection}{section.5}% 15
\BOOKMARK [3][-]{subsubsection.5.2.1}{The Effects of Other Variables}{subsection.5.2}% 16
\BOOKMARK [2][-]{subsection.5.3}{Neighbor Injection}{section.5}% 17
\BOOKMARK [2][-]{subsection.5.4}{Invitation}{section.5}% 18
\BOOKMARK [1][-]{section.6}{Conclusions and Future Work}{}% 19
\BOOKMARK [1][-]{section*.40}{References}{}% 20
